  SaleAnalysis.cpp
E:\Academic\Degree\Workshop I\Project-VStudio\Connector C++ 8.0\include\jdbc\cppconn\exception.h(115,3): warning C5040: dynamic exception specifications are valid only in C++14 and earlier; treating as noexcept(false)
E:\Academic\Degree\Workshop I\FFOS_2.0\FFOS_2.0\SaleAnalysis.cpp(224,38): warning C4267: '=': conversion from 'size_t' to 'int', possible loss of data
E:\Academic\Degree\Workshop I\FFOS_2.0\FFOS_2.0\SaleAnalysis.cpp(237,39): warning C4267: '=': conversion from 'size_t' to 'int', possible loss of data
E:\Academic\Degree\Workshop I\FFOS_2.0\FFOS_2.0\SaleAnalysis.cpp(917,24): warning C4267: 'initializing': conversion from 'size_t' to 'int', possible loss of data
E:\Academic\Degree\Workshop I\FFOS_2.0\FFOS_2.0\SaleAnalysis.cpp(918,32): warning C4267: 'initializing': conversion from 'size_t' to 'int', possible loss of data
E:\Academic\Degree\Workshop I\FFOS_2.0\FFOS_2.0\SaleAnalysis.cpp(958,24): warning C4267: 'initializing': conversion from 'size_t' to 'int', possible loss of data
E:\Academic\Degree\Workshop I\FFOS_2.0\FFOS_2.0\SaleAnalysis.cpp(959,32): warning C4267: 'initializing': conversion from 'size_t' to 'int', possible loss of data
E:\Academic\Degree\Workshop I\FFOS_2.0\FFOS_2.0\SaleAnalysis.cpp(1022,62): warning C4267: 'argument': conversion from 'size_t' to 'int', possible loss of data
  main.cpp
  The contents of <format> are available only in c++latest mode with concepts support;
  see https://github.com/microsoft/STL/issues/1814 for details.
E:\Academic\Degree\Workshop I\FFOS_2.0\FFOS_2.0\main.cpp(2394,45): warning C4267: '=': conversion from 'size_t' to 'int', possible loss of data
E:\Academic\Degree\Workshop I\FFOS_2.0\FFOS_2.0\main.cpp(3283,33): warning C4267: '=': conversion from 'size_t' to 'int', possible loss of data
E:\Academic\Degree\Workshop I\FFOS_2.0\FFOS_2.0\main.cpp(3375,24): warning C4267: 'initializing': conversion from 'size_t' to 'int', possible loss of data
E:\Academic\Degree\Workshop I\FFOS_2.0\FFOS_2.0\main.cpp(3376,32): warning C4267: 'initializing': conversion from 'size_t' to 'int', possible loss of data
E:\Academic\Degree\Workshop I\FFOS_2.0\FFOS_2.0\main.cpp(3393,16): warning C4267: '=': conversion from 'size_t' to 'int', possible loss of data
E:\Academic\Degree\Workshop I\FFOS_2.0\FFOS_2.0\main.cpp(3395,16): warning C4267: '=': conversion from 'size_t' to 'int', possible loss of data
E:\Academic\Degree\Workshop I\FFOS_2.0\FFOS_2.0\main.cpp(3637,22): warning C4101: 'info': unreferenced local variable
E:\Academic\Degree\Workshop I\FFOS_2.0\FFOS_2.0\main.cpp(3708,24): warning C4267: 'initializing': conversion from 'size_t' to 'int', possible loss of data
E:\Academic\Degree\Workshop I\FFOS_2.0\FFOS_2.0\main.cpp(3746,20): warning C4244: '=': conversion from 'double' to 'int', possible loss of data
E:\Academic\Degree\Workshop I\FFOS_2.0\FFOS_2.0\main.cpp(3758,24): warning C4267: 'initializing': conversion from 'size_t' to 'int', possible loss of data
E:\Academic\Degree\Workshop I\FFOS_2.0\FFOS_2.0\main.cpp(3760,16): warning C4244: '=': conversion from 'int' to 'float', possible loss of data
E:\Academic\Degree\Workshop I\FFOS_2.0\FFOS_2.0\main.cpp(3761,19): warning C4244: '=': conversion from 'double' to 'float', possible loss of data
E:\Academic\Degree\Workshop I\FFOS_2.0\FFOS_2.0\main.cpp(3764,16): warning C4244: '=': conversion from 'int' to 'float', possible loss of data
  Generating code
E:\Academic\Degree\Workshop I\FFOS_2.0\FFOS_2.0\main.cpp(1833): warning C4715: 'ProductDetails': not all control paths return a value
  157 of 1296 functions (12.1%) were compiled, the rest were copied from previous compilation.
    1 functions were new in current compilation
    96 functions had inline decision re-evaluated but remain unchanged
  Finished generating code
  FFOS_2.0.vcxproj -> E:\Academic\Degree\Workshop I\FFOS_2.0\x64\Release\FFOS_2.0.exe
